e:\foxsuite\fox-suite-projects\shimmer\x64\debug\vc142.pdb
e:\foxsuite\fox-suite-projects\shimmer\x64\debug\shimmer.obj
e:\foxsuite\fox-suite-projects\shimmer\x64\debug\vstplugmain.obj
e:\foxsuite\fox-suite-projects\shimmer\x64\debug\audioeffectx.obj
e:\foxsuite\fox-suite-projects\shimmer\x64\debug\audioeffect.obj
e:\foxsuite\fox-suite-projects\shimmer\x64\debug\utils.obj
e:\foxsuite\fox-suite-projects\shimmer\x64\debug\tremolo.obj
e:\foxsuite\fox-suite-projects\shimmer\x64\debug\moddelay.obj
e:\foxsuite\fox-suite-projects\shimmer\x64\debug\lpfbutterworth.obj
e:\foxsuite\fox-suite-projects\shimmer\x64\debug\lpcombfilter.obj
e:\foxsuite\fox-suite-projects\shimmer\x64\debug\lfo.obj
e:\foxsuite\fox-suite-projects\shimmer\x64\debug\hpfbutterworth.obj
e:\foxsuite\fox-suite-projects\shimmer\x64\debug\freeverb.obj
e:\foxsuite\fox-suite-projects\shimmer\x64\debug\delay.obj
e:\foxsuite\fox-suite-projects\shimmer\x64\debug\combfilter.obj
e:\foxsuite\fox-suite-projects\shimmer\x64\debug\allpassfilter.obj
e:\foxsuite\fox-suite-projects\shimmer\x64\debug\pitchshifter.obj
e:\foxsuite\fox-suite-projects\shimmer\x64\debug\fxobjects.obj
e:\foxsuite\fox-suite-projects\shimmer\x64\debug\psmvocoder.obj
e:\foxsuite\fox-suite-projects\shimmer\x64\debug\shimmer.dll
e:\foxsuite\fox-suite-projects\shimmer\x64\debug\allpassfilter.asm
e:\foxsuite\fox-suite-projects\shimmer\x64\debug\combfilter.asm
e:\foxsuite\fox-suite-projects\shimmer\x64\debug\delay.asm
e:\foxsuite\fox-suite-projects\shimmer\x64\debug\freeverb.asm
e:\foxsuite\fox-suite-projects\shimmer\x64\debug\hpfbutterworth.asm
e:\foxsuite\fox-suite-projects\shimmer\x64\debug\lfo.asm
e:\foxsuite\fox-suite-projects\shimmer\x64\debug\lpcombfilter.asm
e:\foxsuite\fox-suite-projects\shimmer\x64\debug\lpfbutterworth.asm
e:\foxsuite\fox-suite-projects\shimmer\x64\debug\moddelay.asm
e:\foxsuite\fox-suite-projects\shimmer\x64\debug\pitchshifter.asm
e:\foxsuite\fox-suite-projects\shimmer\x64\debug\psmvocoder.asm
e:\foxsuite\fox-suite-projects\shimmer\x64\debug\tremolo.asm
e:\foxsuite\fox-suite-projects\shimmer\x64\debug\utils.asm
e:\foxsuite\fox-suite-projects\shimmer\x64\debug\audioeffect.asm
e:\foxsuite\fox-suite-projects\shimmer\x64\debug\audioeffectx.asm
e:\foxsuite\fox-suite-projects\shimmer\x64\debug\vstplugmain.asm
e:\foxsuite\fox-suite-projects\shimmer\x64\debug\shimmer.asm
e:\foxsuite\fox-suite-projects\shimmer\x64\debug\shimmer.pdb
e:\foxsuite\fox-suite-projects\shimmer\x64\debug\shimmer.lib
e:\foxsuite\fox-suite-projects\shimmer\x64\debug\shimmer.exp
e:\foxsuite\fox-suite-projects\shimmer\x64\debug\shimmer.ipdb
e:\foxsuite\fox-suite-projects\shimmer\x64\debug\shimmer.iobj
e:\foxsuite\fox-suite-projects\shimmer\x64\debug\shimmer.tlog\cl.command.1.tlog
e:\foxsuite\fox-suite-projects\shimmer\x64\debug\shimmer.tlog\cl.read.1.tlog
e:\foxsuite\fox-suite-projects\shimmer\x64\debug\shimmer.tlog\cl.write.1.tlog
e:\foxsuite\fox-suite-projects\shimmer\x64\debug\shimmer.tlog\link.command.1.tlog
e:\foxsuite\fox-suite-projects\shimmer\x64\debug\shimmer.tlog\link.delete.1.tlog
e:\foxsuite\fox-suite-projects\shimmer\x64\debug\shimmer.tlog\link.read.1.tlog
e:\foxsuite\fox-suite-projects\shimmer\x64\debug\shimmer.tlog\link.write.1.tlog
e:\foxsuite\fox-suite-projects\shimmer\x64\debug\shimmer.tlog\shimmer.write.1u.tlog
